{"C:\\Users\\paul.wilson\\Documents\\GitHub\\recap\\js\\Console.js":{"path":"C:\\Users\\paul.wilson\\Documents\\GitHub\\recap\\js\\Console.js","s":{"1":1,"2":1,"3":1,"4":0,"5":1,"6":1,"7":1,"8":1,"9":0,"10":0,"11":0,"12":0,"13":0,"14":1,"15":1,"16":1,"17":1,"18":1,"19":1,"20":1,"21":0,"22":1,"23":46,"24":46,"25":46,"26":46,"27":46,"28":0,"29":1,"30":1,"31":1,"32":1,"33":1,"34":1,"35":1,"36":1,"37":0,"38":0,"39":0,"40":0,"41":1,"42":1,"43":0,"44":0,"45":0,"46":0,"47":1,"48":1,"49":46,"50":46,"51":46,"52":46,"53":1},"b":{"1":[1,0],"2":[0,0],"3":[0,0],"4":[0,1],"5":[46,0]},"f":{"1":0,"2":1,"3":1,"4":1,"5":46,"6":1,"7":0,"8":0,"9":46},"fnMap":{"1":{"name":"setConfig","line":8,"loc":{"start":{"line":8,"column":0},"end":{"line":8,"column":32}}},"2":{"name":"convertToString","line":13,"loc":{"start":{"line":13,"column":0},"end":{"line":13,"column":30}}},"3":{"name":"parseArgs","line":26,"loc":{"start":{"line":26,"column":0},"end":{"line":26,"column":25}}},"4":{"name":"printToScreen","line":34,"loc":{"start":{"line":34,"column":0},"end":{"line":34,"column":36}}},"5":{"name":"info","line":40,"loc":{"start":{"line":40,"column":0},"end":{"line":40,"column":16}}},"6":{"name":"warn","line":52,"loc":{"start":{"line":52,"column":0},"end":{"line":52,"column":16}}},"7":{"name":"error","line":61,"loc":{"start":{"line":61,"column":0},"end":{"line":61,"column":17}}},"8":{"name":"success","line":70,"loc":{"start":{"line":70,"column":0},"end":{"line":70,"column":19}}},"9":{"name":"log","line":79,"loc":{"start":{"line":79,"column":0},"end":{"line":79,"column":15}}}},"statementMap":{"1":{"start":{"line":1,"column":0},"end":{"line":1,"column":18}},"2":{"start":{"line":3,"column":0},"end":{"line":6,"column":2}},"3":{"start":{"line":8,"column":0},"end":{"line":10,"column":1}},"4":{"start":{"line":9,"column":4},"end":{"line":9,"column":27}},"5":{"start":{"line":11,"column":0},"end":{"line":11,"column":30}},"6":{"start":{"line":13,"column":0},"end":{"line":24,"column":1}},"7":{"start":{"line":14,"column":4},"end":{"line":16,"column":5}},"8":{"start":{"line":15,"column":8},"end":{"line":15,"column":19}},"9":{"start":{"line":17,"column":4},"end":{"line":19,"column":5}},"10":{"start":{"line":18,"column":8},"end":{"line":18,"column":32}},"11":{"start":{"line":20,"column":4},"end":{"line":22,"column":5}},"12":{"start":{"line":21,"column":8},"end":{"line":21,"column":44}},"13":{"start":{"line":23,"column":4},"end":{"line":23,"column":26}},"14":{"start":{"line":26,"column":0},"end":{"line":32,"column":1}},"15":{"start":{"line":27,"column":4},"end":{"line":27,"column":24}},"16":{"start":{"line":28,"column":4},"end":{"line":30,"column":5}},"17":{"start":{"line":29,"column":8},"end":{"line":29,"column":50}},"18":{"start":{"line":31,"column":4},"end":{"line":31,"column":22}},"19":{"start":{"line":34,"column":0},"end":{"line":38,"column":1}},"20":{"start":{"line":35,"column":4},"end":{"line":37,"column":5}},"21":{"start":{"line":36,"column":8},"end":{"line":36,"column":53}},"22":{"start":{"line":40,"column":0},"end":{"line":49,"column":1}},"23":{"start":{"line":41,"column":4},"end":{"line":41,"column":18}},"24":{"start":{"line":42,"column":4},"end":{"line":44,"column":5}},"25":{"start":{"line":43,"column":8},"end":{"line":43,"column":37}},"26":{"start":{"line":45,"column":4},"end":{"line":47,"column":5}},"27":{"start":{"line":46,"column":8},"end":{"line":46,"column":15}},"28":{"start":{"line":48,"column":4},"end":{"line":48,"column":44}},"29":{"start":{"line":50,"column":0},"end":{"line":50,"column":20}},"30":{"start":{"line":52,"column":0},"end":{"line":58,"column":1}},"31":{"start":{"line":53,"column":4},"end":{"line":53,"column":18}},"32":{"start":{"line":54,"column":4},"end":{"line":56,"column":5}},"33":{"start":{"line":55,"column":8},"end":{"line":55,"column":37}},"34":{"start":{"line":57,"column":4},"end":{"line":57,"column":45}},"35":{"start":{"line":59,"column":0},"end":{"line":59,"column":20}},"36":{"start":{"line":61,"column":0},"end":{"line":67,"column":1}},"37":{"start":{"line":62,"column":4},"end":{"line":62,"column":18}},"38":{"start":{"line":63,"column":4},"end":{"line":65,"column":5}},"39":{"start":{"line":64,"column":8},"end":{"line":64,"column":37}},"40":{"start":{"line":66,"column":4},"end":{"line":66,"column":42}},"41":{"start":{"line":68,"column":0},"end":{"line":68,"column":22}},"42":{"start":{"line":70,"column":0},"end":{"line":76,"column":1}},"43":{"start":{"line":71,"column":4},"end":{"line":71,"column":18}},"44":{"start":{"line":72,"column":4},"end":{"line":74,"column":5}},"45":{"start":{"line":73,"column":8},"end":{"line":73,"column":37}},"46":{"start":{"line":75,"column":4},"end":{"line":75,"column":44}},"47":{"start":{"line":77,"column":0},"end":{"line":77,"column":26}},"48":{"start":{"line":79,"column":0},"end":{"line":85,"column":1}},"49":{"start":{"line":80,"column":4},"end":{"line":80,"column":18}},"50":{"start":{"line":81,"column":4},"end":{"line":83,"column":5}},"51":{"start":{"line":82,"column":8},"end":{"line":82,"column":37}},"52":{"start":{"line":84,"column":4},"end":{"line":84,"column":35}},"53":{"start":{"line":86,"column":0},"end":{"line":86,"column":18}}},"branchMap":{"1":{"line":14,"type":"if","locations":[{"start":{"line":14,"column":4},"end":{"line":14,"column":4}},{"start":{"line":14,"column":4},"end":{"line":14,"column":4}}]},"2":{"line":17,"type":"if","locations":[{"start":{"line":17,"column":4},"end":{"line":17,"column":4}},{"start":{"line":17,"column":4},"end":{"line":17,"column":4}}]},"3":{"line":20,"type":"if","locations":[{"start":{"line":20,"column":4},"end":{"line":20,"column":4}},{"start":{"line":20,"column":4},"end":{"line":20,"column":4}}]},"4":{"line":35,"type":"if","locations":[{"start":{"line":35,"column":4},"end":{"line":35,"column":4}},{"start":{"line":35,"column":4},"end":{"line":35,"column":4}}]},"5":{"line":45,"type":"if","locations":[{"start":{"line":45,"column":4},"end":{"line":45,"column":4}},{"start":{"line":45,"column":4},"end":{"line":45,"column":4}}]}}},"C:\\Users\\paul.wilson\\Documents\\GitHub\\recap\\js\\destinations\\DestinationType.js":{"path":"C:\\Users\\paul.wilson\\Documents\\GitHub\\recap\\js\\destinations\\DestinationType.js","s":{"1":1,"2":1,"3":1,"4":1},"b":{"1":[1,1]},"f":{"1":1},"fnMap":{"1":{"name":"(anonymous_1)","line":3,"loc":{"start":{"line":3,"column":0},"end":{"line":3,"column":28}}}},"statementMap":{"1":{"start":{"line":2,"column":0},"end":{"line":2,"column":20}},"2":{"start":{"line":3,"column":0},"end":{"line":5,"column":46}},"3":{"start":{"line":4,"column":4},"end":{"line":4,"column":70}},"4":{"start":{"line":8,"column":0},"end":{"line":8,"column":33}}},"branchMap":{"1":{"line":5,"type":"binary-expr","locations":[{"start":{"line":5,"column":3},"end":{"line":5,"column":18}},{"start":{"line":5,"column":22},"end":{"line":5,"column":44}}]}}}}