TN:
SF:C:\Users\paul.wilson\Documents\GitHub\recap\js\Console.js
FN:8,setConfig
FN:13,convertToString
FN:26,parseArgs
FN:34,printToScreen
FN:40,info
FN:52,warn
FN:61,error
FN:70,success
FN:79,log
FNDA:0,setConfig
FNDA:1,convertToString
FNDA:1,parseArgs
FNDA:1,printToScreen
FNDA:46,info
FNDA:1,warn
FNDA:0,error
FNDA:0,success
FNDA:46,log
DA:1,1
DA:3,1
DA:8,1
DA:9,0
DA:11,1
DA:13,1
DA:14,1
DA:15,1
DA:17,0
DA:18,0
DA:20,0
DA:21,0
DA:23,0
DA:26,1
DA:27,1
DA:28,1
DA:29,1
DA:31,1
DA:34,1
DA:35,1
DA:36,0
DA:40,1
DA:41,46
DA:42,46
DA:43,46
DA:45,46
DA:46,46
DA:48,0
DA:50,1
DA:52,1
DA:53,1
DA:54,1
DA:55,1
DA:57,1
DA:59,1
DA:61,1
DA:62,0
DA:63,0
DA:64,0
DA:66,0
DA:68,1
DA:70,1
DA:71,0
DA:72,0
DA:73,0
DA:75,0
DA:77,1
DA:79,1
DA:80,46
DA:81,46
DA:82,46
DA:84,46
DA:86,1
BRDA:14,1,0,1
BRDA:14,1,1,0
BRDA:17,2,0,0
BRDA:17,2,1,0
BRDA:20,3,0,0
BRDA:20,3,1,0
BRDA:35,4,0,0
BRDA:35,4,1,1
BRDA:45,5,0,46
BRDA:45,5,1,0
end_of_record
TN:
SF:C:\Users\paul.wilson\Documents\GitHub\recap\js\destinations\DestinationType.js
FN:3,(anonymous_1)
FNDA:1,(anonymous_1)
DA:2,1
DA:3,1
DA:4,1
DA:8,1
BRDA:5,1,0,1
BRDA:5,1,1,1
end_of_record
